% mean class accuracy (train set)	
 6.7284e+01	
 8.4945e+01	
 8.7383e+01	
 8.8475e+01	
 8.9403e+01	
 9.0208e+01	
 9.0786e+01	
 9.1239e+01	
 9.1735e+01	
 9.2021e+01	
 9.2399e+01	
 9.2820e+01	
 9.3016e+01	
 9.3274e+01	
 9.3379e+01	
 9.3614e+01	
 9.3861e+01	
 9.4017e+01	
 9.4160e+01	
 9.4342e+01	
 9.4474e+01	
 9.4428e+01	
 9.4603e+01	
 9.4880e+01	
 9.4986e+01	
 9.5069e+01	
 9.5098e+01	
 9.5247e+01	
 9.5251e+01	
 9.5400e+01	
 9.5491e+01	
 9.5523e+01	
 9.5691e+01	
 9.5816e+01	
 9.5850e+01	
 9.5893e+01	
 9.5819e+01	
 9.5946e+01	
 9.6129e+01	
 9.6164e+01	
 9.6205e+01	
 9.6161e+01	
 9.6332e+01	
 9.6409e+01	
 9.6525e+01	
 9.6429e+01	
 9.6430e+01	
 9.6518e+01	
 9.6683e+01	
 9.6676e+01	
 9.6669e+01	
 9.6759e+01	
 9.6843e+01	
 9.6879e+01	
 9.6822e+01	
 9.6856e+01	
 9.6986e+01	
 9.6799e+01	
 9.6869e+01	
 9.6911e+01	
 9.7072e+01	
 9.7082e+01	
 9.6987e+01	
 9.7137e+01	
 9.7098e+01	
 9.7090e+01	
 9.7158e+01	
 9.7289e+01	
 9.7359e+01	
 9.7288e+01	
 9.7243e+01	
 9.7289e+01	
 9.7445e+01	
 9.7352e+01	
 9.7628e+01	
 9.7430e+01	
 9.7521e+01	
 9.7476e+01	
 9.7487e+01	
 9.7533e+01	
 9.7588e+01	
 9.7712e+01	
 9.7643e+01	
 9.7658e+01	
 9.7604e+01	
 9.7749e+01	
 9.7726e+01	
 9.7757e+01	
 9.7673e+01	
 9.7827e+01	
 9.7735e+01	
 9.7787e+01	
 9.7808e+01	
 9.7810e+01	
 9.7865e+01	
 9.7798e+01	
 9.7907e+01	
 9.7895e+01	
 9.7944e+01	
 9.7950e+01	
 9.7961e+01	
 9.7978e+01	
 9.7922e+01	
 9.7982e+01	
 9.8108e+01	
 9.8012e+01	
 9.7981e+01	
 9.8086e+01	
 9.8120e+01	
 9.8026e+01	
 9.8014e+01	
 9.8134e+01	
 9.8032e+01	
 9.8126e+01	
 9.8215e+01	
 9.8194e+01	
 9.8112e+01	
 9.8217e+01	
 9.8245e+01	
 9.8387e+01	
 9.8332e+01	
 9.8339e+01	
 9.8163e+01	
 9.8298e+01	
 9.8363e+01	
 9.8393e+01	
 9.8336e+01	
 9.8221e+01	
 9.8331e+01	
 9.8273e+01	
 9.8317e+01	
 9.8381e+01	
 9.8281e+01	
 9.8367e+01	
 9.8299e+01	
 9.8344e+01	
 9.8448e+01	
 9.8406e+01	
 9.8387e+01	
 9.8448e+01	
 9.8494e+01	
 9.8444e+01	
 9.8425e+01	
 9.8433e+01	
 9.8474e+01	
 9.8501e+01	
 9.8500e+01	
 9.8493e+01	
 9.8467e+01	
 9.8534e+01	
